   ▲ Next.js 15.3.5
   - Local:        http://localhost:3575
   - Network:      http://192.168.1.223:3575
   - Environments: .env.local

 ✓ Starting...
 ✓ Ready in 1243ms
 ○ Compiling / ...
 ⚠ ./src/app/page.tsx
Attempted import error: 'getPage' is not exported from '@/lib/directus-server' (imported as 'getPage').

Import trace for requested module:
./src/app/page.tsx

./src/app/page.tsx
Attempted import error: 'getPage' is not exported from '@/lib/directus-server' (imported as 'getPage').

Import trace for requested module:
./src/app/page.tsx

./src/app/page.tsx
Attempted import error: 'getTestimonials' is not exported from '@/lib/directus-server' (imported as 'getTestimonials').

Import trace for requested module:
./src/app/page.tsx
 ⨯ TypeError: (0 , _lib_directus_server__WEBPACK_IMPORTED_MODULE_1__.getPage) is not a function
    at HomePage (src/app/page.tsx:17:12)
  15 | export default async function HomePage() {
  16 |   const [page, settings, testimonials] = await Promise.all([
> 17 |     getPage('home'),
     |            ^
  18 |     getGlobalSettings(),
  19 |     getTestimonials()
  20 |   ]); {
  digest: '2964650377'
}
 GET / 500 in 2738ms
 ✓ Compiled / in 138ms (1524 modules)
 GET / 200 in 438ms
 ✓ Compiled /about-soda-blasting in 408ms (2890 modules)
 GET /about-soda-blasting 200 in 585ms
 GET / 200 in 227ms
 ✓ Compiled in 394ms (2881 modules)
 ✓ Compiled in 402ms (2879 modules)
 ✓ Compiled in 394ms (2879 modules)
 GET / 200 in 609ms
 ⨯ ./src/components/PhoneNumber.tsx:11:1
Module not found: Can't resolve '@/hooks/useDirectus'
   9 |   Skeleton
  10 | } from '@chakra-ui/react';
> 11 | import { useGlobalSettings } from '@/hooks/useDirectus';
     | ^
  12 |
  13 | const PhoneNumber: React.FC = () => {
  14 |   const { settings, loading } = useGlobalSettings();

https://nextjs.org/docs/messages/module-not-found
 ⨯ ./src/components/PhoneNumber.tsx:11:1
Module not found: Can't resolve '@/hooks/useDirectus'
   9 |   Skeleton
  10 | } from '@chakra-ui/react';
> 11 | import { useGlobalSettings } from '@/hooks/useDirectus';
     | ^
  12 |
  13 | const PhoneNumber: React.FC = () => {
  14 |   const { settings, loading } = useGlobalSettings();

https://nextjs.org/docs/messages/module-not-found
 ⨯ ./src/components/PhoneNumber.tsx:11:1
Module not found: Can't resolve '@/hooks/useDirectus'
   9 |   Skeleton
  10 | } from '@chakra-ui/react';
> 11 | import { useGlobalSettings } from '@/hooks/useDirectus';
     | ^
  12 |
  13 | const PhoneNumber: React.FC = () => {
  14 |   const { settings, loading } = useGlobalSettings();

https://nextjs.org/docs/messages/module-not-found

Import trace for requested module:
./src/components/pages/HomeClient.tsx
 ⨯ ./src/components/PhoneNumber.tsx:11:1
Module not found: Can't resolve '@/hooks/useDirectus'
   9 |   Skeleton
  10 | } from '@chakra-ui/react';
> 11 | import { useGlobalSettings } from '@/hooks/useDirectus';
     | ^
  12 |
  13 | const PhoneNumber: React.FC = () => {
  14 |   const { settings, loading } = useGlobalSettings();

https://nextjs.org/docs/messages/module-not-found

Import trace for requested module:
./src/components/pages/AboutSodaBlastingClient.tsx
 ✓ Compiled in 781ms (2880 modules)
 GET / 200 in 64ms
 ✓ Compiled in 223ms (2880 modules)
 ✓ Compiled in 394ms (2880 modules)
 ✓ Compiled in 455ms (2880 modules)
Error fetching global settings: {
  errors: [
    { message: 'An unexpected error occurred.', extensions: [Object] }
  ],
  response: Response {
    status: 500,
    statusText: 'Internal Server Error',
    headers: Headers {
      'content-security-policy': "script-src 'self' 'unsafe-eval';worker-src 'self' blob:;child-src 'self' blob:;img-src 'self' data: blob: https://raw.githubusercontent.com https://avatars.githubusercontent.com;media-src 'self';connect-src 'self' https://* wss://*;default-src 'self';base-uri 'self';font-src 'self' https: data:;form-action 'self';frame-ancestors 'self';object-src 'none';script-src-attr 'none';style-src 'self' https: 'unsafe-inline'",
      'x-powered-by': 'Directus',
      vary: 'Origin',
      'access-control-allow-credentials': 'true',
      'access-control-expose-headers': 'Content-Range',
      'content-type': 'application/json; charset=utf-8',
      'content-length': '102',
      etag: 'W/"66-Nud5VyBm1ylGuQBca9jYWsctOKg"',
      date: 'Thu, 10 Jul 2025 06:40:31 GMT',
      connection: 'keep-alive',
      'keep-alive': 'timeout=5'
    },
    body: ReadableStream { locked: true, state: 'closed', supportsBYOB: true },
    bodyUsed: true,
    ok: false,
    redirected: false,
    type: 'default',
    url: 'http://localhost:8574/items/settings'
  }
}
Error fetching global settings: {
  errors: [
    { message: 'An unexpected error occurred.', extensions: [Object] }
  ],
  response: Response {
    status: 500,
    statusText: 'Internal Server Error',
    headers: Headers {
      'content-security-policy': "script-src 'self' 'unsafe-eval';worker-src 'self' blob:;child-src 'self' blob:;img-src 'self' data: blob: https://raw.githubusercontent.com https://avatars.githubusercontent.com;media-src 'self';connect-src 'self' https://* wss://*;default-src 'self';base-uri 'self';font-src 'self' https: data:;form-action 'self';frame-ancestors 'self';object-src 'none';script-src-attr 'none';style-src 'self' https: 'unsafe-inline'",
      'x-powered-by': 'Directus',
      vary: 'Origin',
      'access-control-allow-credentials': 'true',
      'access-control-expose-headers': 'Content-Range',
      'content-type': 'application/json; charset=utf-8',
      'content-length': '102',
      etag: 'W/"66-Nud5VyBm1ylGuQBca9jYWsctOKg"',
      date: 'Thu, 10 Jul 2025 06:40:31 GMT',
      connection: 'keep-alive',
      'keep-alive': 'timeout=5'
    },
    body: ReadableStream { locked: true, state: 'closed', supportsBYOB: true },
    bodyUsed: true,
    ok: false,
    redirected: false,
    type: 'default',
    url: 'http://localhost:8574/items/settings'
  }
}
Error fetching global settings: {
  errors: [
    { message: 'An unexpected error occurred.', extensions: [Object] }
  ],
  response: Response {
    status: 500,
    statusText: 'Internal Server Error',
    headers: Headers {
      'content-security-policy': "script-src 'self' 'unsafe-eval';worker-src 'self' blob:;child-src 'self' blob:;img-src 'self' data: blob: https://raw.githubusercontent.com https://avatars.githubusercontent.com;media-src 'self';connect-src 'self' https://* wss://*;default-src 'self';base-uri 'self';font-src 'self' https: data:;form-action 'self';frame-ancestors 'self';object-src 'none';script-src-attr 'none';style-src 'self' https: 'unsafe-inline'",
      'x-powered-by': 'Directus',
      vary: 'Origin',
      'access-control-allow-credentials': 'true',
      'access-control-expose-headers': 'Content-Range',
      'content-type': 'application/json; charset=utf-8',
      'content-length': '102',
      etag: 'W/"66-Nud5VyBm1ylGuQBca9jYWsctOKg"',
      date: 'Thu, 10 Jul 2025 06:40:31 GMT',
      connection: 'keep-alive',
      'keep-alive': 'timeout=5'
    },
    body: ReadableStream { locked: true, state: 'closed', supportsBYOB: true },
    bodyUsed: true,
    ok: false,
    redirected: false,
    type: 'default',
    url: 'http://localhost:8574/items/settings'
  }
}
Error fetching page with slug home: {
  errors: [
    { message: 'An unexpected error occurred.', extensions: [Object] }
  ],
  response: Response {
    status: 500,
    statusText: 'Internal Server Error',
    headers: Headers {
      'content-security-policy': "script-src 'self' 'unsafe-eval';worker-src 'self' blob:;child-src 'self' blob:;img-src 'self' data: blob: https://raw.githubusercontent.com https://avatars.githubusercontent.com;media-src 'self';connect-src 'self' https://* wss://*;default-src 'self';base-uri 'self';font-src 'self' https: data:;form-action 'self';frame-ancestors 'self';object-src 'none';script-src-attr 'none';style-src 'self' https: 'unsafe-inline'",
      'x-powered-by': 'Directus',
      vary: 'Origin',
      'access-control-allow-credentials': 'true',
      'access-control-expose-headers': 'Content-Range',
      'content-type': 'application/json; charset=utf-8',
      'content-length': '102',
      etag: 'W/"66-Nud5VyBm1ylGuQBca9jYWsctOKg"',
      date: 'Thu, 10 Jul 2025 06:40:31 GMT',
      connection: 'keep-alive',
      'keep-alive': 'timeout=5'
    },
    body: ReadableStream { locked: true, state: 'closed', supportsBYOB: true },
    bodyUsed: true,
    ok: false,
    redirected: false,
    type: 'default',
    url: 'http://localhost:8574/items/pages?filter=%7B%22slug%22%3A%7B%22_eq%22%3A%22home%22%7D%7D'
  }
}
Error fetching page with slug home: {
  errors: [
    { message: 'An unexpected error occurred.', extensions: [Object] }
  ],
  response: Response {
    status: 500,
    statusText: 'Internal Server Error',
    headers: Headers {
      'content-security-policy': "script-src 'self' 'unsafe-eval';worker-src 'self' blob:;child-src 'self' blob:;img-src 'self' data: blob: https://raw.githubusercontent.com https://avatars.githubusercontent.com;media-src 'self';connect-src 'self' https://* wss://*;default-src 'self';base-uri 'self';font-src 'self' https: data:;form-action 'self';frame-ancestors 'self';object-src 'none';script-src-attr 'none';style-src 'self' https: 'unsafe-inline'",
      'x-powered-by': 'Directus',
      vary: 'Origin',
      'access-control-allow-credentials': 'true',
      'access-control-expose-headers': 'Content-Range',
      'content-type': 'application/json; charset=utf-8',
      'content-length': '102',
      etag: 'W/"66-Nud5VyBm1ylGuQBca9jYWsctOKg"',
      date: 'Thu, 10 Jul 2025 06:40:31 GMT',
      connection: 'keep-alive',
      'keep-alive': 'timeout=5'
    },
    body: ReadableStream { locked: true, state: 'closed', supportsBYOB: true },
    bodyUsed: true,
    ok: false,
    redirected: false,
    type: 'default',
    url: 'http://localhost:8574/items/pages?filter=%7B%22slug%22%3A%7B%22_eq%22%3A%22home%22%7D%7D'
  }
}
Error fetching global settings: {
  errors: [
    { message: 'An unexpected error occurred.', extensions: [Object] }
  ],
  response: Response {
    status: 500,
    statusText: 'Internal Server Error',
    headers: Headers {
      'content-security-policy': "script-src 'self' 'unsafe-eval';worker-src 'self' blob:;child-src 'self' blob:;img-src 'self' data: blob: https://raw.githubusercontent.com https://avatars.githubusercontent.com;media-src 'self';connect-src 'self' https://* wss://*;default-src 'self';base-uri 'self';font-src 'self' https: data:;form-action 'self';frame-ancestors 'self';object-src 'none';script-src-attr 'none';style-src 'self' https: 'unsafe-inline'",
      'x-powered-by': 'Directus',
      vary: 'Origin',
      'access-control-allow-credentials': 'true',
      'access-control-expose-headers': 'Content-Range',
      'content-type': 'application/json; charset=utf-8',
      'content-length': '102',
      etag: 'W/"66-Nud5VyBm1ylGuQBca9jYWsctOKg"',
      date: 'Thu, 10 Jul 2025 06:40:31 GMT',
      connection: 'keep-alive',
      'keep-alive': 'timeout=5'
    },
    body: ReadableStream { locked: true, state: 'closed', supportsBYOB: true },
    bodyUsed: true,
    ok: false,
    redirected: false,
    type: 'default',
    url: 'http://localhost:8574/items/settings'
  }
}
 GET / 200 in 1512ms
 ✓ Compiled in 432ms (1523 modules)
Fetching global settings from: http://localhost:8574
Fetching page with slug home from: http://localhost:8574
Fetching global settings from: http://localhost:8574
Fetching testimonials from: http://localhost:8574
Global settings fetched: {
  id: 1,
  site_title: 'Leonard Soda Blasting',
  site_tagline: null,
  site_description: null,
  phone_number: '(503) 319-6711',
  email: null,
  address: null,
  business_hours: null,
  social_facebook: null,
  social_instagram: null,
  social_linkedin: null,
  google_analytics_id: null,
  logo: null,
  favicon: null
}
Page with slug home fetched: {
  id: 1,
  status: 'published',
  title: 'Home',
  slug: 'home',
  meta_title: 'Home - Leonard Soda Blasting',
  meta_description: 'Professional eco-friendly soda blasting services for automotive, aircraft, marine, commercial and industrial cleaning..',
  hero_title: '100% Eco-Friendly Cleaning and Stripping',
  hero_subtitle: 'Professional soda blasting services using safe, non-toxic sodium bicarbonate..',
  hero_image: null,
  hero_video: null,
  content_sections: [
    {
      type: 'hero',
      title: '100% Eco-Friendly Cleaning and Stripping',
      content: 'Professional soda blasting services using safe, non-toxic sodium bicarbonate.'
    },
    {
      type: 'services_grid',
      title: 'Our Services',
      content: 'We provide professional soda blasting services across multiple industries.'
    },
    {
      type: 'about_process',
      title: 'How does soda blasting work?',
      content: 'Soda blasting is a method of removing surface contaminants and coatings by using sodium bicarbonate (baking soda). Compressed air from specialized blasting machine propels particles against the surface to be cleaned. As the sodium bicarbonate particles come in contact with the surface, it removes the contaminant or coating.'
    },
    {
      type: 'latest_work',
      title: 'Latest Work',
      content: 'Follow us on Instagram to see our latest projects and the amazing transformations we achieve with eco-friendly soda blasting.'
    },
    {
      type: 'testimonial',
      title: 'Client Testimonial',
      content: 'Leonard Soda Blasting has been our go-to contractor for restoration projects. Their expertise and eco-friendly approach make them invaluable to our team.'
    }
  ],
  date_created: '2025-07-02T01:34:01.670Z',
  date_updated: '2025-07-09T09:05:24.418Z',
  services_cards: [
    {
      title: 'Automotive',
      text: 'Leonard Soda Blasting has the expertise car enthusiasts desire and the automotive industry demands.',
      image: '359082da-6bf6-4a78-adfd-709e37692e33',
      service_page: 7
    },
    {
      title: 'Commercial & Industrial',
      text: 'Professional media blasting services for warehouses, wastewater treatment facilities, parking garages, machinery and equipment cleaning.',
      image: 'c3b703ce-6825-4c66-84c2-7f116b3e0552',
      service_page: 6
    },
    {
      title: 'Aircraft',
      text: 'Professional aircraft cleaning and maintenance services using eco-friendly soda blasting techniques.',
      image: 'e9d11ac5-a277-4183-ac6a-16fde4667359',
      service_page: 8
    },
    {
      title: 'Marine & Boat',
      text: 'One of the primary reasons for stripping a boat is blisters, which are usually caused by osmotic intrusion of water into the hull.',
      image: 'c1836ea8-d75d-4f70-aada-5854bbce79b5',
      service_page: null
    },
    {
      title: 'Fire & Water Damage',
      text: 'After a fire, the last thing you want to worry about is more damage and toxins from the cleanup process itself.',
      image: '7a0552d9-cfee-4e04-b6c7-f5105360b843',
      service_page: null
    },
    {
      title: 'Food Processing Equipment',
      text: 'Consider how much easier it would be to clean your food equipment with a safe, non-hazardous cleaning process.',
      image: '914108af-d022-485e-9236-c83d1d40bf53',
      service_page: null
    },
    {
      title: 'Log Homes',
      text: 'Log Homes text...',
      image: 'dde5eeeb-f19c-414a-8dd7-03db20f8ea5e',
      service_page: null
    }
  ],
  page_title: '100% Eco-Friendly Cleaning and Stripping.',
  seo_title: 'Leonard Soda Blasting - Eco-Friendly Cleaning & Stripping',
  menu_title: 'Home'
}
Global settings fetched: {
  id: 1,
  site_title: 'Leonard Soda Blasting',
  site_tagline: null,
  site_description: null,
  phone_number: '(503) 319-6711',
  email: null,
  address: null,
  business_hours: null,
  social_facebook: null,
  social_instagram: null,
  social_linkedin: null,
  google_analytics_id: null,
  logo: null,
  favicon: null
}
Testimonials fetched: [
  {
    id: 1,
    status: 'published',
    quote: 'Leonard Soda Blasting has been our go-to contractor for restoration projects. Their expertise and eco-friendly approach make them invaluable to our team.',
    client_name: 'Jim Clarke'
  }
]
Fetching navigation from: http://localhost:8574
Navigation fetched: [
  {
    id: 1,
    sort: 19,
    status: 'active',
    label: 'Home',
    url: '/',
    parent_id: null,
    target: '_self',
    icon: null
  },
  {
    id: 2,
    sort: 20,
    status: 'active',
    label: 'About',
    url: '/about-soda-blasting',
    parent_id: null,
    target: '_self',
    icon: null
  },
  {
    id: 3,
    sort: 30,
    status: 'active',
    label: 'Services',
    url: '/services',
    parent_id: null,
    target: '_self',
    icon: null
  },
  {
    id: 4,
    sort: 40,
    status: 'active',
    label: 'Gallery',
    url: '/gallery',
    parent_id: null,
    target: '_self',
    icon: null
  },
  {
    id: 5,
    sort: 50,
    status: 'active',
    label: 'Contact',
    url: '/contact',
    parent_id: null,
    target: '_self',
    icon: null
  }
]
Fetching global settings from: http://localhost:8574
Fetching page with slug home from: http://localhost:8574
Global settings fetched: {
  id: 1,
  site_title: 'Leonard Soda Blasting',
  site_tagline: null,
  site_description: null,
  phone_number: '(503) 319-6711',
  email: null,
  address: null,
  business_hours: null,
  social_facebook: null,
  social_instagram: null,
  social_linkedin: null,
  google_analytics_id: null,
  logo: null,
  favicon: null
}
Page with slug home fetched: {
  id: 1,
  status: 'published',
  title: 'Home',
  slug: 'home',
  meta_title: 'Home - Leonard Soda Blasting',
  meta_description: 'Professional eco-friendly soda blasting services for automotive, aircraft, marine, commercial and industrial cleaning..',
  hero_title: '100% Eco-Friendly Cleaning and Stripping',
  hero_subtitle: 'Professional soda blasting services using safe, non-toxic sodium bicarbonate..',
  hero_image: null,
  hero_video: null,
  content_sections: [
    {
      type: 'hero',
      title: '100% Eco-Friendly Cleaning and Stripping',
      content: 'Professional soda blasting services using safe, non-toxic sodium bicarbonate.'
    },
    {
      type: 'services_grid',
      title: 'Our Services',
      content: 'We provide professional soda blasting services across multiple industries.'
    },
    {
      type: 'about_process',
      title: 'How does soda blasting work?',
      content: 'Soda blasting is a method of removing surface contaminants and coatings by using sodium bicarbonate (baking soda). Compressed air from specialized blasting machine propels particles against the surface to be cleaned. As the sodium bicarbonate particles come in contact with the surface, it removes the contaminant or coating.'
    },
    {
      type: 'latest_work',
      title: 'Latest Work',
      content: 'Follow us on Instagram to see our latest projects and the amazing transformations we achieve with eco-friendly soda blasting.'
    },
    {
      type: 'testimonial',
      title: 'Client Testimonial',
      content: 'Leonard Soda Blasting has been our go-to contractor for restoration projects. Their expertise and eco-friendly approach make them invaluable to our team.'
    }
  ],
  date_created: '2025-07-02T01:34:01.670Z',
  date_updated: '2025-07-09T09:05:24.418Z',
  services_cards: [
    {
      title: 'Automotive',
      text: 'Leonard Soda Blasting has the expertise car enthusiasts desire and the automotive industry demands.',
      image: '359082da-6bf6-4a78-adfd-709e37692e33',
      service_page: 7
    },
    {
      title: 'Commercial & Industrial',
      text: 'Professional media blasting services for warehouses, wastewater treatment facilities, parking garages, machinery and equipment cleaning.',
      image: 'c3b703ce-6825-4c66-84c2-7f116b3e0552',
      service_page: 6
    },
    {
      title: 'Aircraft',
      text: 'Professional aircraft cleaning and maintenance services using eco-friendly soda blasting techniques.',
      image: 'e9d11ac5-a277-4183-ac6a-16fde4667359',
      service_page: 8
    },
    {
      title: 'Marine & Boat',
      text: 'One of the primary reasons for stripping a boat is blisters, which are usually caused by osmotic intrusion of water into the hull.',
      image: 'c1836ea8-d75d-4f70-aada-5854bbce79b5',
      service_page: null
    },
    {
      title: 'Fire & Water Damage',
      text: 'After a fire, the last thing you want to worry about is more damage and toxins from the cleanup process itself.',
      image: '7a0552d9-cfee-4e04-b6c7-f5105360b843',
      service_page: null
    },
    {
      title: 'Food Processing Equipment',
      text: 'Consider how much easier it would be to clean your food equipment with a safe, non-hazardous cleaning process.',
      image: '914108af-d022-485e-9236-c83d1d40bf53',
      service_page: null
    },
    {
      title: 'Log Homes',
      text: 'Log Homes text...',
      image: 'dde5eeeb-f19c-414a-8dd7-03db20f8ea5e',
      service_page: null
    }
  ],
  page_title: '100% Eco-Friendly Cleaning and Stripping.',
  seo_title: 'Leonard Soda Blasting - Eco-Friendly Cleaning & Stripping',
  menu_title: 'Home'
}
Fetching global settings from: http://localhost:8574
Global settings fetched: {
  id: 1,
  site_title: 'Leonard Soda Blasting',
  site_tagline: null,
  site_description: null,
  phone_number: '(503) 319-6711',
  email: null,
  address: null,
  business_hours: null,
  social_facebook: null,
  social_instagram: null,
  social_linkedin: null,
  google_analytics_id: null,
  logo: null,
  favicon: null
}
 GET / 200 in 45ms
Fetching global settings from: http://localhost:8574
Fetching page with slug home from: http://localhost:8574
Fetching global settings from: http://localhost:8574
Fetching testimonials from: http://localhost:8574
Fetching global settings from: http://localhost:8574
Fetching page with slug home from: http://localhost:8574
Global settings fetched: {
  id: 1,
  site_title: 'Leonard Soda Blasting',
  site_tagline: null,
  site_description: null,
  phone_number: '(503) 319-6711',
  email: null,
  address: null,
  business_hours: null,
  social_facebook: null,
  social_instagram: null,
  social_linkedin: null,
  google_analytics_id: null,
  logo: null,
  favicon: null
}
Global settings fetched: {
  id: 1,
  site_title: 'Leonard Soda Blasting',
  site_tagline: null,
  site_description: null,
  phone_number: '(503) 319-6711',
  email: null,
  address: null,
  business_hours: null,
  social_facebook: null,
  social_instagram: null,
  social_linkedin: null,
  google_analytics_id: null,
  logo: null,
  favicon: null
}
Global settings fetched: {
  id: 1,
  site_title: 'Leonard Soda Blasting',
  site_tagline: null,
  site_description: null,
  phone_number: '(503) 319-6711',
  email: null,
  address: null,
  business_hours: null,
  social_facebook: null,
  social_instagram: null,
  social_linkedin: null,
  google_analytics_id: null,
  logo: null,
  favicon: null
}
Fetching navigation from: http://localhost:8574
Page with slug home fetched: {
  id: 1,
  status: 'published',
  title: 'Home',
  slug: 'home',
  meta_title: 'Home - Leonard Soda Blasting',
  meta_description: 'Professional eco-friendly soda blasting services for automotive, aircraft, marine, commercial and industrial cleaning..',
  hero_title: '100% Eco-Friendly Cleaning and Stripping',
  hero_subtitle: 'Professional soda blasting services using safe, non-toxic sodium bicarbonate..',
  hero_image: null,
  hero_video: null,
  content_sections: [
    {
      type: 'hero',
      title: '100% Eco-Friendly Cleaning and Stripping',
      content: 'Professional soda blasting services using safe, non-toxic sodium bicarbonate.'
    },
    {
      type: 'services_grid',
      title: 'Our Services',
      content: 'We provide professional soda blasting services across multiple industries.'
    },
    {
      type: 'about_process',
      title: 'How does soda blasting work?',
      content: 'Soda blasting is a method of removing surface contaminants and coatings by using sodium bicarbonate (baking soda). Compressed air from specialized blasting machine propels particles against the surface to be cleaned. As the sodium bicarbonate particles come in contact with the surface, it removes the contaminant or coating.'
    },
    {
      type: 'latest_work',
      title: 'Latest Work',
      content: 'Follow us on Instagram to see our latest projects and the amazing transformations we achieve with eco-friendly soda blasting.'
    },
    {
      type: 'testimonial',
      title: 'Client Testimonial',
      content: 'Leonard Soda Blasting has been our go-to contractor for restoration projects. Their expertise and eco-friendly approach make them invaluable to our team.'
    }
  ],
  date_created: '2025-07-02T01:34:01.670Z',
  date_updated: '2025-07-09T09:05:24.418Z',
  services_cards: [
    {
      title: 'Automotive',
      text: 'Leonard Soda Blasting has the expertise car enthusiasts desire and the automotive industry demands.',
      image: '359082da-6bf6-4a78-adfd-709e37692e33',
      service_page: 7
    },
    {
      title: 'Commercial & Industrial',
      text: 'Professional media blasting services for warehouses, wastewater treatment facilities, parking garages, machinery and equipment cleaning.',
      image: 'c3b703ce-6825-4c66-84c2-7f116b3e0552',
      service_page: 6
    },
    {
      title: 'Aircraft',
      text: 'Professional aircraft cleaning and maintenance services using eco-friendly soda blasting techniques.',
      image: 'e9d11ac5-a277-4183-ac6a-16fde4667359',
      service_page: 8
    },
    {
      title: 'Marine & Boat',
      text: 'One of the primary reasons for stripping a boat is blisters, which are usually caused by osmotic intrusion of water into the hull.',
      image: 'c1836ea8-d75d-4f70-aada-5854bbce79b5',
      service_page: null
    },
    {
      title: 'Fire & Water Damage',
      text: 'After a fire, the last thing you want to worry about is more damage and toxins from the cleanup process itself.',
      image: '7a0552d9-cfee-4e04-b6c7-f5105360b843',
      service_page: null
    },
    {
      title: 'Food Processing Equipment',
      text: 'Consider how much easier it would be to clean your food equipment with a safe, non-hazardous cleaning process.',
      image: '914108af-d022-485e-9236-c83d1d40bf53',
      service_page: null
    },
    {
      title: 'Log Homes',
      text: 'Log Homes text...',
      image: 'dde5eeeb-f19c-414a-8dd7-03db20f8ea5e',
      service_page: null
    }
  ],
  page_title: '100% Eco-Friendly Cleaning and Stripping.',
  seo_title: 'Leonard Soda Blasting - Eco-Friendly Cleaning & Stripping',
  menu_title: 'Home'
}
Page with slug home fetched: {
  id: 1,
  status: 'published',
  title: 'Home',
  slug: 'home',
  meta_title: 'Home - Leonard Soda Blasting',
  meta_description: 'Professional eco-friendly soda blasting services for automotive, aircraft, marine, commercial and industrial cleaning..',
  hero_title: '100% Eco-Friendly Cleaning and Stripping',
  hero_subtitle: 'Professional soda blasting services using safe, non-toxic sodium bicarbonate..',
  hero_image: null,
  hero_video: null,
  content_sections: [
    {
      type: 'hero',
      title: '100% Eco-Friendly Cleaning and Stripping',
      content: 'Professional soda blasting services using safe, non-toxic sodium bicarbonate.'
    },
    {
      type: 'services_grid',
      title: 'Our Services',
      content: 'We provide professional soda blasting services across multiple industries.'
    },
    {
      type: 'about_process',
      title: 'How does soda blasting work?',
      content: 'Soda blasting is a method of removing surface contaminants and coatings by using sodium bicarbonate (baking soda). Compressed air from specialized blasting machine propels particles against the surface to be cleaned. As the sodium bicarbonate particles come in contact with the surface, it removes the contaminant or coating.'
    },
    {
      type: 'latest_work',
      title: 'Latest Work',
      content: 'Follow us on Instagram to see our latest projects and the amazing transformations we achieve with eco-friendly soda blasting.'
    },
    {
      type: 'testimonial',
      title: 'Client Testimonial',
      content: 'Leonard Soda Blasting has been our go-to contractor for restoration projects. Their expertise and eco-friendly approach make them invaluable to our team.'
    }
  ],
  date_created: '2025-07-02T01:34:01.670Z',
  date_updated: '2025-07-09T09:05:24.418Z',
  services_cards: [
    {
      title: 'Automotive',
      text: 'Leonard Soda Blasting has the expertise car enthusiasts desire and the automotive industry demands.',
      image: '359082da-6bf6-4a78-adfd-709e37692e33',
      service_page: 7
    },
    {
      title: 'Commercial & Industrial',
      text: 'Professional media blasting services for warehouses, wastewater treatment facilities, parking garages, machinery and equipment cleaning.',
      image: 'c3b703ce-6825-4c66-84c2-7f116b3e0552',
      service_page: 6
    },
    {
      title: 'Aircraft',
      text: 'Professional aircraft cleaning and maintenance services using eco-friendly soda blasting techniques.',
      image: 'e9d11ac5-a277-4183-ac6a-16fde4667359',
      service_page: 8
    },
    {
      title: 'Marine & Boat',
      text: 'One of the primary reasons for stripping a boat is blisters, which are usually caused by osmotic intrusion of water into the hull.',
      image: 'c1836ea8-d75d-4f70-aada-5854bbce79b5',
      service_page: null
    },
    {
      title: 'Fire & Water Damage',
      text: 'After a fire, the last thing you want to worry about is more damage and toxins from the cleanup process itself.',
      image: '7a0552d9-cfee-4e04-b6c7-f5105360b843',
      service_page: null
    },
    {
      title: 'Food Processing Equipment',
      text: 'Consider how much easier it would be to clean your food equipment with a safe, non-hazardous cleaning process.',
      image: '914108af-d022-485e-9236-c83d1d40bf53',
      service_page: null
    },
    {
      title: 'Log Homes',
      text: 'Log Homes text...',
      image: 'dde5eeeb-f19c-414a-8dd7-03db20f8ea5e',
      service_page: null
    }
  ],
  page_title: '100% Eco-Friendly Cleaning and Stripping.',
  seo_title: 'Leonard Soda Blasting - Eco-Friendly Cleaning & Stripping',
  menu_title: 'Home'
}
Fetching global settings from: http://localhost:8574
Global settings fetched: {
  id: 1,
  site_title: 'Leonard Soda Blasting',
  site_tagline: null,
  site_description: null,
  phone_number: '(503) 319-6711',
  email: null,
  address: null,
  business_hours: null,
  social_facebook: null,
  social_instagram: null,
  social_linkedin: null,
  google_analytics_id: null,
  logo: null,
  favicon: null
}
Testimonials fetched: [
  {
    id: 1,
    status: 'published',
    quote: 'Leonard Soda Blasting has been our go-to contractor for restoration projects. Their expertise and eco-friendly approach make them invaluable to our team.',
    client_name: 'Jim Clarke'
  }
]
Navigation fetched: [
  {
    id: 1,
    sort: 19,
    status: 'active',
    label: 'Home',
    url: '/',
    parent_id: null,
    target: '_self',
    icon: null
  },
  {
    id: 2,
    sort: 20,
    status: 'active',
    label: 'About',
    url: '/about-soda-blasting',
    parent_id: null,
    target: '_self',
    icon: null
  },
  {
    id: 3,
    sort: 30,
    status: 'active',
    label: 'Services',
    url: '/services',
    parent_id: null,
    target: '_self',
    icon: null
  },
  {
    id: 4,
    sort: 40,
    status: 'active',
    label: 'Gallery',
    url: '/gallery',
    parent_id: null,
    target: '_self',
    icon: null
  },
  {
    id: 5,
    sort: 50,
    status: 'active',
    label: 'Contact',
    url: '/contact',
    parent_id: null,
    target: '_self',
    icon: null
  }
]
 GET / 200 in 511ms
 ✓ Compiled in 1267ms (2894 modules)
Fetching global settings from: http://localhost:8574
Fetching page with slug home from: http://localhost:8574
Fetching global settings from: http://localhost:8574
Fetching testimonials from: http://localhost:8574
Global settings fetched: {
  id: 1,
  site_title: 'Leonard Soda Blasting',
  site_tagline: null,
  site_description: null,
  phone_number: '(503) 319-6711',
  email: null,
  address: null,
  business_hours: null,
  social_facebook: null,
  social_instagram: null,
  social_linkedin: null,
  google_analytics_id: null,
  logo: null,
  favicon: null
}
Page with slug home fetched: {
  id: 1,
  status: 'published',
  title: 'Home',
  slug: 'home',
  meta_title: 'Home - Leonard Soda Blasting',
  meta_description: 'Professional eco-friendly soda blasting services for automotive, aircraft, marine, commercial and industrial cleaning..',
  hero_title: '100% Eco-Friendly Cleaning and Stripping',
  hero_subtitle: 'Professional soda blasting services using safe, non-toxic sodium bicarbonate..',
  hero_image: null,
  hero_video: null,
  content_sections: [
    {
      type: 'hero',
      title: '100% Eco-Friendly Cleaning and Stripping',
      content: 'Professional soda blasting services using safe, non-toxic sodium bicarbonate.'
    },
    {
      type: 'services_grid',
      title: 'Our Services',
      content: 'We provide professional soda blasting services across multiple industries.'
    },
    {
      type: 'about_process',
      title: 'How does soda blasting work?',
      content: 'Soda blasting is a method of removing surface contaminants and coatings by using sodium bicarbonate (baking soda). Compressed air from specialized blasting machine propels particles against the surface to be cleaned. As the sodium bicarbonate particles come in contact with the surface, it removes the contaminant or coating.'
    },
    {
      type: 'latest_work',
      title: 'Latest Work',
      content: 'Follow us on Instagram to see our latest projects and the amazing transformations we achieve with eco-friendly soda blasting.'
    },
    {
      type: 'testimonial',
      title: 'Client Testimonial',
      content: 'Leonard Soda Blasting has been our go-to contractor for restoration projects. Their expertise and eco-friendly approach make them invaluable to our team.'
    }
  ],
  date_created: '2025-07-02T01:34:01.670Z',
  date_updated: '2025-07-09T09:05:24.418Z',
  services_cards: [
    {
      title: 'Automotive',
      text: 'Leonard Soda Blasting has the expertise car enthusiasts desire and the automotive industry demands.',
      image: '359082da-6bf6-4a78-adfd-709e37692e33',
      service_page: 7
    },
    {
      title: 'Commercial & Industrial',
      text: 'Professional media blasting services for warehouses, wastewater treatment facilities, parking garages, machinery and equipment cleaning.',
      image: 'c3b703ce-6825-4c66-84c2-7f116b3e0552',
      service_page: 6
    },
    {
      title: 'Aircraft',
      text: 'Professional aircraft cleaning and maintenance services using eco-friendly soda blasting techniques.',
      image: 'e9d11ac5-a277-4183-ac6a-16fde4667359',
      service_page: 8
    },
    {
      title: 'Marine & Boat',
      text: 'One of the primary reasons for stripping a boat is blisters, which are usually caused by osmotic intrusion of water into the hull.',
      image: 'c1836ea8-d75d-4f70-aada-5854bbce79b5',
      service_page: null
    },
    {
      title: 'Fire & Water Damage',
      text: 'After a fire, the last thing you want to worry about is more damage and toxins from the cleanup process itself.',
      image: '7a0552d9-cfee-4e04-b6c7-f5105360b843',
      service_page: null
    },
    {
      title: 'Food Processing Equipment',
      text: 'Consider how much easier it would be to clean your food equipment with a safe, non-hazardous cleaning process.',
      image: '914108af-d022-485e-9236-c83d1d40bf53',
      service_page: null
    },
    {
      title: 'Log Homes',
      text: 'Log Homes text...',
      image: 'dde5eeeb-f19c-414a-8dd7-03db20f8ea5e',
      service_page: null
    }
  ],
  page_title: '100% Eco-Friendly Cleaning and Stripping.',
  seo_title: 'Leonard Soda Blasting - Eco-Friendly Cleaning & Stripping',
  menu_title: 'Home'
}
Global settings fetched: {
  id: 1,
  site_title: 'Leonard Soda Blasting',
  site_tagline: null,
  site_description: null,
  phone_number: '(503) 319-6711',
  email: null,
  address: null,
  business_hours: null,
  social_facebook: null,
  social_instagram: null,
  social_linkedin: null,
  google_analytics_id: null,
  logo: null,
  favicon: null
}
Testimonials fetched: [
  {
    id: 1,
    status: 'published',
    quote: 'Leonard Soda Blasting has been our go-to contractor for restoration projects. Their expertise and eco-friendly approach make them invaluable to our team.',
    client_name: 'Jim Clarke'
  }
]
Fetching navigation from: http://localhost:8574
Navigation fetched: [
  {
    id: 1,
    sort: 19,
    status: 'active',
    label: 'Home',
    url: '/',
    parent_id: null,
    target: '_self',
    icon: null
  },
  {
    id: 2,
    sort: 20,
    status: 'active',
    label: 'About',
    url: '/about-soda-blasting',
    parent_id: null,
    target: '_self',
    icon: null
  },
  {
    id: 3,
    sort: 30,
    status: 'active',
    label: 'Services',
    url: '/services',
    parent_id: null,
    target: '_self',
    icon: null
  },
  {
    id: 4,
    sort: 40,
    status: 'active',
    label: 'Gallery',
    url: '/gallery',
    parent_id: null,
    target: '_self',
    icon: null
  },
  {
    id: 5,
    sort: 50,
    status: 'active',
    label: 'Contact',
    url: '/contact',
    parent_id: null,
    target: '_self',
    icon: null
  }
]
Fetching global settings from: http://localhost:8574
Fetching page with slug home from: http://localhost:8574
Global settings fetched: {
  id: 1,
  site_title: 'Leonard Soda Blasting',
  site_tagline: null,
  site_description: null,
  phone_number: '(503) 319-6711',
  email: null,
  address: null,
  business_hours: null,
  social_facebook: null,
  social_instagram: null,
  social_linkedin: null,
  google_analytics_id: null,
  logo: null,
  favicon: null
}
Page with slug home fetched: {
  id: 1,
  status: 'published',
  title: 'Home',
  slug: 'home',
  meta_title: 'Home - Leonard Soda Blasting',
  meta_description: 'Professional eco-friendly soda blasting services for automotive, aircraft, marine, commercial and industrial cleaning..',
  hero_title: '100% Eco-Friendly Cleaning and Stripping',
  hero_subtitle: 'Professional soda blasting services using safe, non-toxic sodium bicarbonate..',
  hero_image: null,
  hero_video: null,
  content_sections: [
    {
      type: 'hero',
      title: '100% Eco-Friendly Cleaning and Stripping',
      content: 'Professional soda blasting services using safe, non-toxic sodium bicarbonate.'
    },
    {
      type: 'services_grid',
      title: 'Our Services',
      content: 'We provide professional soda blasting services across multiple industries.'
    },
    {
      type: 'about_process',
      title: 'How does soda blasting work?',
      content: 'Soda blasting is a method of removing surface contaminants and coatings by using sodium bicarbonate (baking soda). Compressed air from specialized blasting machine propels particles against the surface to be cleaned. As the sodium bicarbonate particles come in contact with the surface, it removes the contaminant or coating.'
    },
    {
      type: 'latest_work',
      title: 'Latest Work',
      content: 'Follow us on Instagram to see our latest projects and the amazing transformations we achieve with eco-friendly soda blasting.'
    },
    {
      type: 'testimonial',
      title: 'Client Testimonial',
      content: 'Leonard Soda Blasting has been our go-to contractor for restoration projects. Their expertise and eco-friendly approach make them invaluable to our team.'
    }
  ],
  date_created: '2025-07-02T01:34:01.670Z',
  date_updated: '2025-07-09T09:05:24.418Z',
  services_cards: [
    {
      title: 'Automotive',
      text: 'Leonard Soda Blasting has the expertise car enthusiasts desire and the automotive industry demands.',
      image: '359082da-6bf6-4a78-adfd-709e37692e33',
      service_page: 7
    },
    {
      title: 'Commercial & Industrial',
      text: 'Professional media blasting services for warehouses, wastewater treatment facilities, parking garages, machinery and equipment cleaning.',
      image: 'c3b703ce-6825-4c66-84c2-7f116b3e0552',
      service_page: 6
    },
    {
      title: 'Aircraft',
      text: 'Professional aircraft cleaning and maintenance services using eco-friendly soda blasting techniques.',
      image: 'e9d11ac5-a277-4183-ac6a-16fde4667359',
      service_page: 8
    },
    {
      title: 'Marine & Boat',
      text: 'One of the primary reasons for stripping a boat is blisters, which are usually caused by osmotic intrusion of water into the hull.',
      image: 'c1836ea8-d75d-4f70-aada-5854bbce79b5',
      service_page: null
    },
    {
      title: 'Fire & Water Damage',
      text: 'After a fire, the last thing you want to worry about is more damage and toxins from the cleanup process itself.',
      image: '7a0552d9-cfee-4e04-b6c7-f5105360b843',
      service_page: null
    },
    {
      title: 'Food Processing Equipment',
      text: 'Consider how much easier it would be to clean your food equipment with a safe, non-hazardous cleaning process.',
      image: '914108af-d022-485e-9236-c83d1d40bf53',
      service_page: null
    },
    {
      title: 'Log Homes',
      text: 'Log Homes text...',
      image: 'dde5eeeb-f19c-414a-8dd7-03db20f8ea5e',
      service_page: null
    }
  ],
  page_title: '100% Eco-Friendly Cleaning and Stripping.',
  seo_title: 'Leonard Soda Blasting - Eco-Friendly Cleaning & Stripping',
  menu_title: 'Home'
}
Fetching global settings from: http://localhost:8574
Global settings fetched: {
  id: 1,
  site_title: 'Leonard Soda Blasting',
  site_tagline: null,
  site_description: null,
  phone_number: '(503) 319-6711',
  email: null,
  address: null,
  business_hours: null,
  social_facebook: null,
  social_instagram: null,
  social_linkedin: null,
  google_analytics_id: null,
  logo: null,
  favicon: null
}
 GET / 200 in 69ms
 ✓ Compiled in 458ms (2884 modules)
 ✓ Compiled in 227ms (2884 modules)
 ✓ Compiled /about-soda-blasting in 394ms (1533 modules)
Fetching page with slug about-soda-blasting from: http://localhost:8574
Fetching global settings from: http://localhost:8574
Fetching page with slug about-soda-blasting from: http://localhost:8574
Fetching global settings from: http://localhost:8574
Fetching page with slug about-soda-blasting from: http://localhost:8574
Global settings fetched: {
  id: 1,
  site_title: 'Leonard Soda Blasting',
  site_tagline: null,
  site_description: null,
  phone_number: '(503) 319-6711',
  email: null,
  address: null,
  business_hours: null,
  social_facebook: null,
  social_instagram: null,
  social_linkedin: null,
  google_analytics_id: null,
  logo: null,
  favicon: null
}
Page with slug about-soda-blasting fetched: {
  id: 2,
  status: 'published',
  title: 'About Soda Blasting',
  slug: 'about-soda-blasting',
  meta_title: 'About Soda Blasting - Eco-Friendly Surface Cleaning',
  meta_description: 'Learn about soda blasting, an eco-friendly surface cleaning method using sodium bicarbonate.',
  hero_title: 'About Soda Blasting',
  hero_subtitle: 'The safe, eco-friendly way to clean and strip surfaces.',
  hero_image: null,
  hero_video: null,
  content_sections: [
    {
      type: 'hero',
      title: 'About Soda Blasting',
      content: 'Learn about our eco-friendly surface cleaning process.'
    },
    {
      type: 'process_explanation',
      title: 'What is Soda Blasting?',
      content: 'Soda blasting is a revolutionary surface cleaning method that uses sodium bicarbonate (baking soda) to safely remove contaminants, coatings, and buildup from various surfaces without causing damage.'
    }
  ],
  date_created: '2025-07-02T01:34:02.346Z',
  date_updated: null,
  services_cards: null,
  page_title: null,
  seo_title: null,
  menu_title: null
}
Fetching navigation from: http://localhost:8574
Navigation fetched: [
  {
    id: 1,
    sort: 19,
    status: 'active',
    label: 'Home',
    url: '/',
    parent_id: null,
    target: '_self',
    icon: null
  },
  {
    id: 2,
    sort: 20,
    status: 'active',
    label: 'About',
    url: '/about-soda-blasting',
    parent_id: null,
    target: '_self',
    icon: null
  },
  {
    id: 3,
    sort: 30,
    status: 'active',
    label: 'Services',
    url: '/services',
    parent_id: null,
    target: '_self',
    icon: null
  },
  {
    id: 4,
    sort: 40,
    status: 'active',
    label: 'Gallery',
    url: '/gallery',
    parent_id: null,
    target: '_self',
    icon: null
  },
  {
    id: 5,
    sort: 50,
    status: 'active',
    label: 'Contact',
    url: '/contact',
    parent_id: null,
    target: '_self',
    icon: null
  }
]
Fetching global settings from: http://localhost:8574
Fetching page with slug about-soda-blasting from: http://localhost:8574
Global settings fetched: {
  id: 1,
  site_title: 'Leonard Soda Blasting',
  site_tagline: null,
  site_description: null,
  phone_number: '(503) 319-6711',
  email: null,
  address: null,
  business_hours: null,
  social_facebook: null,
  social_instagram: null,
  social_linkedin: null,
  google_analytics_id: null,
  logo: null,
  favicon: null
}
Page with slug about-soda-blasting fetched: {
  id: 2,
  status: 'published',
  title: 'About Soda Blasting',
  slug: 'about-soda-blasting',
  meta_title: 'About Soda Blasting - Eco-Friendly Surface Cleaning',
  meta_description: 'Learn about soda blasting, an eco-friendly surface cleaning method using sodium bicarbonate.',
  hero_title: 'About Soda Blasting',
  hero_subtitle: 'The safe, eco-friendly way to clean and strip surfaces.',
  hero_image: null,
  hero_video: null,
  content_sections: [
    {
      type: 'hero',
      title: 'About Soda Blasting',
      content: 'Learn about our eco-friendly surface cleaning process.'
    },
    {
      type: 'process_explanation',
      title: 'What is Soda Blasting?',
      content: 'Soda blasting is a revolutionary surface cleaning method that uses sodium bicarbonate (baking soda) to safely remove contaminants, coatings, and buildup from various surfaces without causing damage.'
    }
  ],
  date_created: '2025-07-02T01:34:02.346Z',
  date_updated: null,
  services_cards: null,
  page_title: null,
  seo_title: null,
  menu_title: null
}
 GET /about-soda-blasting 200 in 9ms
Page with slug about-soda-blasting fetched: {
  id: 2,
  status: 'published',
  title: 'About Soda Blasting',
  slug: 'about-soda-blasting',
  meta_title: 'About Soda Blasting - Eco-Friendly Surface Cleaning',
  meta_description: 'Learn about soda blasting, an eco-friendly surface cleaning method using sodium bicarbonate.',
  hero_title: 'About Soda Blasting',
  hero_subtitle: 'The safe, eco-friendly way to clean and strip surfaces.',
  hero_image: null,
  hero_video: null,
  content_sections: [
    {
      type: 'hero',
      title: 'About Soda Blasting',
      content: 'Learn about our eco-friendly surface cleaning process.'
    },
    {
      type: 'process_explanation',
      title: 'What is Soda Blasting?',
      content: 'Soda blasting is a revolutionary surface cleaning method that uses sodium bicarbonate (baking soda) to safely remove contaminants, coatings, and buildup from various surfaces without causing damage.'
    }
  ],
  date_created: '2025-07-02T01:34:02.346Z',
  date_updated: null,
  services_cards: null,
  page_title: null,
  seo_title: null,
  menu_title: null
}
Page with slug about-soda-blasting fetched: {
  id: 2,
  status: 'published',
  title: 'About Soda Blasting',
  slug: 'about-soda-blasting',
  meta_title: 'About Soda Blasting - Eco-Friendly Surface Cleaning',
  meta_description: 'Learn about soda blasting, an eco-friendly surface cleaning method using sodium bicarbonate.',
  hero_title: 'About Soda Blasting',
  hero_subtitle: 'The safe, eco-friendly way to clean and strip surfaces.',
  hero_image: null,
  hero_video: null,
  content_sections: [
    {
      type: 'hero',
      title: 'About Soda Blasting',
      content: 'Learn about our eco-friendly surface cleaning process.'
    },
    {
      type: 'process_explanation',
      title: 'What is Soda Blasting?',
      content: 'Soda blasting is a revolutionary surface cleaning method that uses sodium bicarbonate (baking soda) to safely remove contaminants, coatings, and buildup from various surfaces without causing damage.'
    }
  ],
  date_created: '2025-07-02T01:34:02.346Z',
  date_updated: null,
  services_cards: null,
  page_title: null,
  seo_title: null,
  menu_title: null
}
Global settings fetched: {
  id: 1,
  site_title: 'Leonard Soda Blasting',
  site_tagline: null,
  site_description: null,
  phone_number: '(503) 319-6711',
  email: null,
  address: null,
  business_hours: null,
  social_facebook: null,
  social_instagram: null,
  social_linkedin: null,
  google_analytics_id: null,
  logo: null,
  favicon: null
}
 GET /about-soda-blasting 200 in 593ms
 ○ Compiling /gallery ...
 ✓ Compiled /gallery in 922ms (2903 modules)
Fetching page with slug gallery from: http://localhost:8574
Fetching global settings from: http://localhost:8574
Fetching global settings from: http://localhost:8574
Fetching page with slug gallery from: http://localhost:8574
Global settings fetched: {
  id: 1,
  site_title: 'Leonard Soda Blasting',
  site_tagline: null,
  site_description: null,
  phone_number: '(503) 319-6711',
  email: null,
  address: null,
  business_hours: null,
  social_facebook: null,
  social_instagram: null,
  social_linkedin: null,
  google_analytics_id: null,
  logo: null,
  favicon: null
}
Global settings fetched: {
  id: 1,
  site_title: 'Leonard Soda Blasting',
  site_tagline: null,
  site_description: null,
  phone_number: '(503) 319-6711',
  email: null,
  address: null,
  business_hours: null,
  social_facebook: null,
  social_instagram: null,
  social_linkedin: null,
  google_analytics_id: null,
  logo: null,
  favicon: null
}
Page with slug gallery fetched: {
  id: 4,
  status: 'published',
  title: 'Gallery',
  slug: 'gallery',
  meta_title: 'Gallery - Soda Blasting Before & After Photos',
  meta_description: 'View our gallery of soda blasting projects showing dramatic before and after transformations.',
  hero_title: 'Our Work',
  hero_subtitle: 'See the amazing transformations we achieve with soda blasting.',
  hero_image: null,
  hero_video: null,
  content_sections: [
    {
      type: 'hero',
      title: 'Our Work',
      content: 'See the amazing transformations we achieve with soda blasting.'
    },
    {
      type: 'gallery_grid',
      title: 'Project Gallery',
      content: 'Browse our portfolio of successful soda blasting projects.'
    }
  ],
  date_created: '2025-07-02T01:34:03.666Z',
  date_updated: null,
  services_cards: null,
  page_title: null,
  seo_title: null,
  menu_title: null
}
Page with slug gallery fetched: {
  id: 4,
  status: 'published',
  title: 'Gallery',
  slug: 'gallery',
  meta_title: 'Gallery - Soda Blasting Before & After Photos',
  meta_description: 'View our gallery of soda blasting projects showing dramatic before and after transformations.',
  hero_title: 'Our Work',
  hero_subtitle: 'See the amazing transformations we achieve with soda blasting.',
  hero_image: null,
  hero_video: null,
  content_sections: [
    {
      type: 'hero',
      title: 'Our Work',
      content: 'See the amazing transformations we achieve with soda blasting.'
    },
    {
      type: 'gallery_grid',
      title: 'Project Gallery',
      content: 'Browse our portfolio of successful soda blasting projects.'
    }
  ],
  date_created: '2025-07-02T01:34:03.666Z',
  date_updated: null,
  services_cards: null,
  page_title: null,
  seo_title: null,
  menu_title: null
}
Fetching global settings from: http://localhost:8574
Global settings fetched: {
  id: 1,
  site_title: 'Leonard Soda Blasting',
  site_tagline: null,
  site_description: null,
  phone_number: '(503) 319-6711',
  email: null,
  address: null,
  business_hours: null,
  social_facebook: null,
  social_instagram: null,
  social_linkedin: null,
  google_analytics_id: null,
  logo: null,
  favicon: null
}
 GET /gallery 200 in 1098ms
 ✓ Compiled /contact in 307ms (2913 modules)
Fetching page with slug contact from: http://localhost:8574
Fetching global settings from: http://localhost:8574
Fetching global settings from: http://localhost:8574
Fetching page with slug contact from: http://localhost:8574
Global settings fetched: {
  id: 1,
  site_title: 'Leonard Soda Blasting',
  site_tagline: null,
  site_description: null,
  phone_number: '(503) 319-6711',
  email: null,
  address: null,
  business_hours: null,
  social_facebook: null,
  social_instagram: null,
  social_linkedin: null,
  google_analytics_id: null,
  logo: null,
  favicon: null
}
Global settings fetched: {
  id: 1,
  site_title: 'Leonard Soda Blasting',
  site_tagline: null,
  site_description: null,
  phone_number: '(503) 319-6711',
  email: null,
  address: null,
  business_hours: null,
  social_facebook: null,
  social_instagram: null,
  social_linkedin: null,
  google_analytics_id: null,
  logo: null,
  favicon: null
}
Page with slug contact fetched: {
  id: 5,
  status: 'published',
  title: 'Contact',
  slug: 'contact',
  meta_title: 'Contact Leonard Soda Blasting - Get a Free Quote',
  meta_description: 'Contact Leonard Soda Blasting for a free quote on your cleaning and stripping project.',
  hero_title: 'Contact Us',
  hero_subtitle: 'Get a free quote for your soda blasting project.',
  hero_image: null,
  hero_video: null,
  content_sections: [
    {
      type: 'hero',
      title: 'Contact Us',
      content: 'Get a free quote for your soda blasting project.'
    },
    {
      type: 'contact_form',
      title: 'Get in Touch',
      content: 'Fill out the form below or give us a call to discuss your project.'
    }
  ],
  date_created: '2025-07-02T01:34:04.330Z',
  date_updated: null,
  services_cards: null,
  page_title: null,
  seo_title: null,
  menu_title: null
}
Page with slug contact fetched: {
  id: 5,
  status: 'published',
  title: 'Contact',
  slug: 'contact',
  meta_title: 'Contact Leonard Soda Blasting - Get a Free Quote',
  meta_description: 'Contact Leonard Soda Blasting for a free quote on your cleaning and stripping project.',
  hero_title: 'Contact Us',
  hero_subtitle: 'Get a free quote for your soda blasting project.',
  hero_image: null,
  hero_video: null,
  content_sections: [
    {
      type: 'hero',
      title: 'Contact Us',
      content: 'Get a free quote for your soda blasting project.'
    },
    {
      type: 'contact_form',
      title: 'Get in Touch',
      content: 'Fill out the form below or give us a call to discuss your project.'
    }
  ],
  date_created: '2025-07-02T01:34:04.330Z',
  date_updated: null,
  services_cards: null,
  page_title: null,
  seo_title: null,
  menu_title: null
}
Fetching global settings from: http://localhost:8574
Global settings fetched: {
  id: 1,
  site_title: 'Leonard Soda Blasting',
  site_tagline: null,
  site_description: null,
  phone_number: '(503) 319-6711',
  email: null,
  address: null,
  business_hours: null,
  social_facebook: null,
  social_instagram: null,
  social_linkedin: null,
  google_analytics_id: null,
  logo: null,
  favicon: null
}
 GET /contact 200 in 494ms
 ✓ Compiled /_not-found in 248ms (2917 modules)
Fetching global settings from: http://localhost:8574
 GET /services 404 in 287ms
Fetching global settings from: http://localhost:8574
Fetching global settings from: http://localhost:8574
Global settings fetched: {
  id: 1,
  site_title: 'Leonard Soda Blasting',
  site_tagline: null,
  site_description: null,
  phone_number: '(503) 319-6711',
  email: null,
  address: null,
  business_hours: null,
  social_facebook: null,
  social_instagram: null,
  social_linkedin: null,
  google_analytics_id: null,
  logo: null,
  favicon: null
}
Global settings fetched: {
  id: 1,
  site_title: 'Leonard Soda Blasting',
  site_tagline: null,
  site_description: null,
  phone_number: '(503) 319-6711',
  email: null,
  address: null,
  business_hours: null,
  social_facebook: null,
  social_instagram: null,
  social_linkedin: null,
  google_analytics_id: null,
  logo: null,
  favicon: null
}
Global settings fetched: {
  id: 1,
  site_title: 'Leonard Soda Blasting',
  site_tagline: null,
  site_description: null,
  phone_number: '(503) 319-6711',
  email: null,
  address: null,
  business_hours: null,
  social_facebook: null,
  social_instagram: null,
  social_linkedin: null,
  google_analytics_id: null,
  logo: null,
  favicon: null
}
Fetching navigation from: http://localhost:8574
Navigation fetched: [
  {
    id: 1,
    sort: 19,
    status: 'active',
    label: 'Home',
    url: '/',
    parent_id: null,
    target: '_self',
    icon: null
  },
  {
    id: 2,
    sort: 20,
    status: 'active',
    label: 'About',
    url: '/about-soda-blasting',
    parent_id: null,
    target: '_self',
    icon: null
  },
  {
    id: 3,
    sort: 30,
    status: 'active',
    label: 'Services',
    url: '/services',
    parent_id: null,
    target: '_self',
    icon: null
  },
  {
    id: 4,
    sort: 40,
    status: 'active',
    label: 'Gallery',
    url: '/gallery',
    parent_id: null,
    target: '_self',
    icon: null
  },
  {
    id: 5,
    sort: 50,
    status: 'active',
    label: 'Contact',
    url: '/contact',
    parent_id: null,
    target: '_self',
    icon: null
  }
]
 GET /services 404 in 428ms
Fetching page with slug gallery from: http://localhost:8574
Fetching global settings from: http://localhost:8574
Fetching global settings from: http://localhost:8574
Fetching page with slug gallery from: http://localhost:8574
Global settings fetched: {
  id: 1,
  site_title: 'Leonard Soda Blasting',
  site_tagline: null,
  site_description: null,
  phone_number: '(503) 319-6711',
  email: null,
  address: null,
  business_hours: null,
  social_facebook: null,
  social_instagram: null,
  social_linkedin: null,
  google_analytics_id: null,
  logo: null,
  favicon: null
}
Global settings fetched: {
  id: 1,
  site_title: 'Leonard Soda Blasting',
  site_tagline: null,
  site_description: null,
  phone_number: '(503) 319-6711',
  email: null,
  address: null,
  business_hours: null,
  social_facebook: null,
  social_instagram: null,
  social_linkedin: null,
  google_analytics_id: null,
  logo: null,
  favicon: null
}
Page with slug gallery fetched: {
  id: 4,
  status: 'published',
  title: 'Gallery',
  slug: 'gallery',
  meta_title: 'Gallery - Soda Blasting Before & After Photos',
  meta_description: 'View our gallery of soda blasting projects showing dramatic before and after transformations.',
  hero_title: 'Our Work',
  hero_subtitle: 'See the amazing transformations we achieve with soda blasting.',
  hero_image: null,
  hero_video: null,
  content_sections: [
    {
      type: 'hero',
      title: 'Our Work',
      content: 'See the amazing transformations we achieve with soda blasting.'
    },
    {
      type: 'gallery_grid',
      title: 'Project Gallery',
      content: 'Browse our portfolio of successful soda blasting projects.'
    }
  ],
  date_created: '2025-07-02T01:34:03.666Z',
  date_updated: null,
  services_cards: null,
  page_title: null,
  seo_title: null,
  menu_title: null
}
Page with slug gallery fetched: {
  id: 4,
  status: 'published',
  title: 'Gallery',
  slug: 'gallery',
  meta_title: 'Gallery - Soda Blasting Before & After Photos',
  meta_description: 'View our gallery of soda blasting projects showing dramatic before and after transformations.',
  hero_title: 'Our Work',
  hero_subtitle: 'See the amazing transformations we achieve with soda blasting.',
  hero_image: null,
  hero_video: null,
  content_sections: [
    {
      type: 'hero',
      title: 'Our Work',
      content: 'See the amazing transformations we achieve with soda blasting.'
    },
    {
      type: 'gallery_grid',
      title: 'Project Gallery',
      content: 'Browse our portfolio of successful soda blasting projects.'
    }
  ],
  date_created: '2025-07-02T01:34:03.666Z',
  date_updated: null,
  services_cards: null,
  page_title: null,
  seo_title: null,
  menu_title: null
}
Fetching global settings from: http://localhost:8574
Global settings fetched: {
  id: 1,
  site_title: 'Leonard Soda Blasting',
  site_tagline: null,
  site_description: null,
  phone_number: '(503) 319-6711',
  email: null,
  address: null,
  business_hours: null,
  social_facebook: null,
  social_instagram: null,
  social_linkedin: null,
  google_analytics_id: null,
  logo: null,
  favicon: null
}
 GET /gallery 200 in 157ms
Fetching page with slug home from: http://localhost:8574
Fetching global settings from: http://localhost:8574
Fetching testimonials from: http://localhost:8574
Fetching global settings from: http://localhost:8574
Fetching page with slug home from: http://localhost:8574
Global settings fetched: {
  id: 1,
  site_title: 'Leonard Soda Blasting',
  site_tagline: null,
  site_description: null,
  phone_number: '(503) 319-6711',
  email: null,
  address: null,
  business_hours: null,
  social_facebook: null,
  social_instagram: null,
  social_linkedin: null,
  google_analytics_id: null,
  logo: null,
  favicon: null
}
Global settings fetched: {
  id: 1,
  site_title: 'Leonard Soda Blasting',
  site_tagline: null,
  site_description: null,
  phone_number: '(503) 319-6711',
  email: null,
  address: null,
  business_hours: null,
  social_facebook: null,
  social_instagram: null,
  social_linkedin: null,
  google_analytics_id: null,
  logo: null,
  favicon: null
}
Page with slug home fetched: {
  id: 1,
  status: 'published',
  title: 'Home',
  slug: 'home',
  meta_title: 'Home - Leonard Soda Blasting',
  meta_description: 'Professional eco-friendly soda blasting services for automotive, aircraft, marine, commercial and industrial cleaning..',
  hero_title: '100% Eco-Friendly Cleaning and Stripping',
  hero_subtitle: 'Professional soda blasting services using safe, non-toxic sodium bicarbonate..',
  hero_image: null,
  hero_video: null,
  content_sections: [
    {
      type: 'hero',
      title: '100% Eco-Friendly Cleaning and Stripping',
      content: 'Professional soda blasting services using safe, non-toxic sodium bicarbonate.'
    },
    {
      type: 'services_grid',
      title: 'Our Services',
      content: 'We provide professional soda blasting services across multiple industries.'
    },
    {
      type: 'about_process',
      title: 'How does soda blasting work?',
      content: 'Soda blasting is a method of removing surface contaminants and coatings by using sodium bicarbonate (baking soda). Compressed air from specialized blasting machine propels particles against the surface to be cleaned. As the sodium bicarbonate particles come in contact with the surface, it removes the contaminant or coating.'
    },
    {
      type: 'latest_work',
      title: 'Latest Work',
      content: 'Follow us on Instagram to see our latest projects and the amazing transformations we achieve with eco-friendly soda blasting.'
    },
    {
      type: 'testimonial',
      title: 'Client Testimonial',
      content: 'Leonard Soda Blasting has been our go-to contractor for restoration projects. Their expertise and eco-friendly approach make them invaluable to our team.'
    }
  ],
  date_created: '2025-07-02T01:34:01.670Z',
  date_updated: '2025-07-09T09:05:24.418Z',
  services_cards: [
    {
      title: 'Automotive',
      text: 'Leonard Soda Blasting has the expertise car enthusiasts desire and the automotive industry demands.',
      image: '359082da-6bf6-4a78-adfd-709e37692e33',
      service_page: 7
    },
    {
      title: 'Commercial & Industrial',
      text: 'Professional media blasting services for warehouses, wastewater treatment facilities, parking garages, machinery and equipment cleaning.',
      image: 'c3b703ce-6825-4c66-84c2-7f116b3e0552',
      service_page: 6
    },
    {
      title: 'Aircraft',
      text: 'Professional aircraft cleaning and maintenance services using eco-friendly soda blasting techniques.',
      image: 'e9d11ac5-a277-4183-ac6a-16fde4667359',
      service_page: 8
    },
    {
      title: 'Marine & Boat',
      text: 'One of the primary reasons for stripping a boat is blisters, which are usually caused by osmotic intrusion of water into the hull.',
      image: 'c1836ea8-d75d-4f70-aada-5854bbce79b5',
      service_page: null
    },
    {
      title: 'Fire & Water Damage',
      text: 'After a fire, the last thing you want to worry about is more damage and toxins from the cleanup process itself.',
      image: '7a0552d9-cfee-4e04-b6c7-f5105360b843',
      service_page: null
    },
    {
      title: 'Food Processing Equipment',
      text: 'Consider how much easier it would be to clean your food equipment with a safe, non-hazardous cleaning process.',
      image: '914108af-d022-485e-9236-c83d1d40bf53',
      service_page: null
    },
    {
      title: 'Log Homes',
      text: 'Log Homes text...',
      image: 'dde5eeeb-f19c-414a-8dd7-03db20f8ea5e',
      service_page: null
    }
  ],
  page_title: '100% Eco-Friendly Cleaning and Stripping.',
  seo_title: 'Leonard Soda Blasting - Eco-Friendly Cleaning & Stripping',
  menu_title: 'Home'
}
Page with slug home fetched: {
  id: 1,
  status: 'published',
  title: 'Home',
  slug: 'home',
  meta_title: 'Home - Leonard Soda Blasting',
  meta_description: 'Professional eco-friendly soda blasting services for automotive, aircraft, marine, commercial and industrial cleaning..',
  hero_title: '100% Eco-Friendly Cleaning and Stripping',
  hero_subtitle: 'Professional soda blasting services using safe, non-toxic sodium bicarbonate..',
  hero_image: null,
  hero_video: null,
  content_sections: [
    {
      type: 'hero',
      title: '100% Eco-Friendly Cleaning and Stripping',
      content: 'Professional soda blasting services using safe, non-toxic sodium bicarbonate.'
    },
    {
      type: 'services_grid',
      title: 'Our Services',
      content: 'We provide professional soda blasting services across multiple industries.'
    },
    {
      type: 'about_process',
      title: 'How does soda blasting work?',
      content: 'Soda blasting is a method of removing surface contaminants and coatings by using sodium bicarbonate (baking soda). Compressed air from specialized blasting machine propels particles against the surface to be cleaned. As the sodium bicarbonate particles come in contact with the surface, it removes the contaminant or coating.'
    },
    {
      type: 'latest_work',
      title: 'Latest Work',
      content: 'Follow us on Instagram to see our latest projects and the amazing transformations we achieve with eco-friendly soda blasting.'
    },
    {
      type: 'testimonial',
      title: 'Client Testimonial',
      content: 'Leonard Soda Blasting has been our go-to contractor for restoration projects. Their expertise and eco-friendly approach make them invaluable to our team.'
    }
  ],
  date_created: '2025-07-02T01:34:01.670Z',
  date_updated: '2025-07-09T09:05:24.418Z',
  services_cards: [
    {
      title: 'Automotive',
      text: 'Leonard Soda Blasting has the expertise car enthusiasts desire and the automotive industry demands.',
      image: '359082da-6bf6-4a78-adfd-709e37692e33',
      service_page: 7
    },
    {
      title: 'Commercial & Industrial',
      text: 'Professional media blasting services for warehouses, wastewater treatment facilities, parking garages, machinery and equipment cleaning.',
      image: 'c3b703ce-6825-4c66-84c2-7f116b3e0552',
      service_page: 6
    },
    {
      title: 'Aircraft',
      text: 'Professional aircraft cleaning and maintenance services using eco-friendly soda blasting techniques.',
      image: 'e9d11ac5-a277-4183-ac6a-16fde4667359',
      service_page: 8
    },
    {
      title: 'Marine & Boat',
      text: 'One of the primary reasons for stripping a boat is blisters, which are usually caused by osmotic intrusion of water into the hull.',
      image: 'c1836ea8-d75d-4f70-aada-5854bbce79b5',
      service_page: null
    },
    {
      title: 'Fire & Water Damage',
      text: 'After a fire, the last thing you want to worry about is more damage and toxins from the cleanup process itself.',
      image: '7a0552d9-cfee-4e04-b6c7-f5105360b843',
      service_page: null
    },
    {
      title: 'Food Processing Equipment',
      text: 'Consider how much easier it would be to clean your food equipment with a safe, non-hazardous cleaning process.',
      image: '914108af-d022-485e-9236-c83d1d40bf53',
      service_page: null
    },
    {
      title: 'Log Homes',
      text: 'Log Homes text...',
      image: 'dde5eeeb-f19c-414a-8dd7-03db20f8ea5e',
      service_page: null
    }
  ],
  page_title: '100% Eco-Friendly Cleaning and Stripping.',
  seo_title: 'Leonard Soda Blasting - Eco-Friendly Cleaning & Stripping',
  menu_title: 'Home'
}
Fetching global settings from: http://localhost:8574
Global settings fetched: {
  id: 1,
  site_title: 'Leonard Soda Blasting',
  site_tagline: null,
  site_description: null,
  phone_number: '(503) 319-6711',
  email: null,
  address: null,
  business_hours: null,
  social_facebook: null,
  social_instagram: null,
  social_linkedin: null,
  google_analytics_id: null,
  logo: null,
  favicon: null
}
Testimonials fetched: [
  {
    id: 1,
    status: 'published',
    quote: 'Leonard Soda Blasting has been our go-to contractor for restoration projects. Their expertise and eco-friendly approach make them invaluable to our team.',
    client_name: 'Jim Clarke'
  }
]
 GET / 200 in 262ms
